<?xml version="1.0" encoding="UTF-8"?>
<!-- Generated by org.testng.reporters.JUnitReportReporter -->
<testsuite ignored="0" hostname="LAPTOP-5QQ5GQQ5" failures="0" tests="1" name="GoogleMailTest" time="23.968" errors="0" timestamp="19 окт. 2018 11:13:18 GMT" skipped="0">
  <testcase classname="GoogleMailTest" name="sendEmail" time="23.968"/>
</testsuite> <!-- GoogleMailTest -->
